<?xml version="1.0" encoding="UTF-8"?>
<!-- Generated by org.testng.reporters.JUnitReportReporter -->
<testsuite skipped="0" hostname="DESKTOP-JCJ8HOK" name="testcases.CustomerCommunition" tests="4" failures="0" timestamp="22 Nov 2022 01:25:29 GMT" time="0.014" errors="0">
  <testcase name="checkEmailVerification" time="0.002" classname="testcases.CustomerCommunition"/>
  <testcase name="checkEmailVerification" time="0.002" classname="testcases.CustomerCommunition"/>
  <testcase name="checkMobileVerification" time="0.005" classname="testcases.CustomerCommunition"/>
  <testcase name="checkMobileVerification" time="0.005" classname="testcases.CustomerCommunition"/>
</testsuite> <!-- testcases.CustomerCommunition -->
