<?xml version="1.0" encoding="UTF-8"?>
<!-- Generated by org.testng.reporters.JUnitReportReporter -->
<testsuite skipped="0" hostname="DESKTOP-JCJ8HOK" name="testcases.Bookings" tests="6" failures="0" timestamp="22 Nov 2022 01:25:29 GMT" time="0.071" errors="0">
  <testcase name="guestInfo" time="0.006" classname="testcases.Bookings"/>
  <testcase name="loadBooking" time="0.002" classname="testcases.Bookings"/>
  <testcase name="typeOfRoom" time="0.003" classname="testcases.Bookings"/>
  <testcase name="searchHotel" time="0.035" classname="testcases.Bookings"/>
  <testcase name="guestInfo" time="0.022" classname="testcases.Bookings"/>
  <testcase name="typeOfRoom" time="0.003" classname="testcases.Bookings"/>
</testsuite> <!-- testcases.Bookings -->
